<?xml version="1.0" encoding="UTF-8"?>
<!-- Generated by org.testng.reporters.JUnitXMLReporter -->
<testsuite ignored="0" hostname="DESKTOP-7DGNRCH" failures="0" tests="3" name="Default test" time="9.49" errors="0" timestamp="2023-05-25T06:43:30 IST">
  <testcase classname="MyPackOzone.ProjectOzone.Base" name="homePgValidation" time="1.568"/>
  <testcase classname="MyPackOzone.ProjectOzone.Base" name="loginPgValidation" time="1.319"/>
  <testcase classname="MyPackOzone.ProjectOzone.Base" name="signUpPgValidation" time="2.923"/>
</testsuite> <!-- Default test -->
