<?xml version="1.0" encoding="UTF-8"?>
<testng-results ignored="0" total="3" passed="3" failed="0" skipped="0">
  <reporter-output>
  </reporter-output>
  <suite started-at="2023-05-25T06:43:21 IST" name="Default suite" finished-at="2023-05-25T06:43:30 IST" duration-ms="9490">
    <groups>
    </groups>
    <test started-at="2023-05-25T06:43:21 IST" name="Default test" finished-at="2023-05-25T06:43:30 IST" duration-ms="9490">
      <class name="MyPackOzone.ProjectOzone.Base">
        <test-method is-config="true" signature="setUp()[pri:0, instance:MyPackOzone.ProjectOzone.Base@2e3967ea]" started-at="2023-05-25T06:43:21 IST" name="setUp" finished-at="2023-05-25T06:43:24 IST" duration-ms="3301" status="PASS">
          <reporter-output>
          </reporter-output>
        </test-method> <!-- setUp -->
        <test-method signature="homePgValidation()[pri:1, instance:MyPackOzone.ProjectOzone.Base@2e3967ea]" started-at="2023-05-25T06:43:24 IST" name="homePgValidation" finished-at="2023-05-25T06:43:26 IST" duration-ms="1568" status="PASS">
          <reporter-output>
          </reporter-output>
        </test-method> <!-- homePgValidation -->
        <test-method signature="loginPgValidation()[pri:2, instance:MyPackOzone.ProjectOzone.Base@2e3967ea]" started-at="2023-05-25T06:43:26 IST" name="loginPgValidation" finished-at="2023-05-25T06:43:27 IST" duration-ms="1319" status="PASS">
          <reporter-output>
          </reporter-output>
        </test-method> <!-- loginPgValidation -->
        <test-method signature="signUpPgValidation()[pri:3, instance:MyPackOzone.ProjectOzone.Base@2e3967ea]" started-at="2023-05-25T06:43:27 IST" name="signUpPgValidation" finished-at="2023-05-25T06:43:30 IST" duration-ms="2923" status="PASS">
          <reporter-output>
          </reporter-output>
        </test-method> <!-- signUpPgValidation -->
        <test-method is-config="true" signature="endSession()[pri:0, instance:MyPackOzone.ProjectOzone.Base@2e3967ea]" started-at="2023-05-25T06:43:30 IST" name="endSession" finished-at="2023-05-25T06:43:30 IST" duration-ms="283" status="PASS">
          <reporter-output>
          </reporter-output>
        </test-method> <!-- endSession -->
      </class> <!-- MyPackOzone.ProjectOzone.Base -->
    </test> <!-- Default test -->
  </suite> <!-- Default suite -->
</testng-results>
